<?xml version="1.0" encoding="UTF-8"?>
<!-- Generated by org.testng.reporters.JUnitReportReporter -->
<testsuite hostname="DESKTOP-M9TKJRV" failures="0" tests="1" name="com.hybrid.test.FirstClass" time="11.537" errors="0" timestamp="2025-01-15T11:48:02 IST" skipped="0">
  <testcase classname="com.hybrid.test.FirstClass" name="browserInvoke" time="11.537"/>
</testsuite> <!-- com.hybrid.test.FirstClass -->
